<?xml version="1.0" encoding="UTF-8"?>
<coverage generated="1774161781654" clover="3.2.0">
  <project timestamp="1774161781654" name="All files">
    <metrics statements="275" coveredstatements="256" conditionals="114" coveredconditionals="85" methods="49" coveredmethods="43" elements="438" coveredelements="384" complexity="0" loc="275" ncloc="275" packages="3" files="8" classes="8"/>
    <package name="game-engine">
      <metrics statements="193" coveredstatements="188" conditionals="83" coveredconditionals="64" methods="37" coveredmethods="37"/>
      <file name="board.js" path="/home/daniel/Documents/DCrawWebsite/src/game-engine/board.js">
        <metrics statements="40" coveredstatements="40" conditionals="25" coveredconditionals="24" methods="7" coveredmethods="7"/>
        <line num="4" count="77" type="stmt"/>
        <line num="12" count="7390" type="cond" truecount="2" falsecount="0"/>
        <line num="13" count="7389" type="cond" truecount="5" falsecount="0"/>
        <line num="14" count="7263" type="stmt"/>
        <line num="18" count="263" type="stmt"/>
        <line num="19" count="263" type="stmt"/>
        <line num="20" count="263" type="stmt"/>
        <line num="24" count="1712" type="stmt"/>
        <line num="25" count="1712" type="stmt"/>
        <line num="26" count="6574" type="stmt"/>
        <line num="27" count="6574" type="stmt"/>
        <line num="28" count="6574" type="stmt"/>
        <line num="29" count="6574" type="cond" truecount="4" falsecount="0"/>
        <line num="31" count="1571" type="stmt"/>
        <line num="35" count="6" type="stmt"/>
        <line num="36" count="6" type="stmt"/>
        <line num="37" count="6" type="stmt"/>
        <line num="38" count="24" type="stmt"/>
        <line num="39" count="24" type="stmt"/>
        <line num="40" count="24" type="cond" truecount="5" falsecount="1"/>
        <line num="41" count="24" type="stmt"/>
        <line num="44" count="6" type="stmt"/>
        <line num="48" count="183" type="stmt"/>
        <line num="49" count="183" type="stmt"/>
        <line num="50" count="238" type="cond" truecount="2" falsecount="0"/>
        <line num="52" count="5" type="stmt"/>
        <line num="56" count="9" type="stmt"/>
        <line num="57" count="9" type="stmt"/>
        <line num="58" count="180" type="cond" truecount="2" falsecount="0"/>
        <line num="61" count="9" type="cond" truecount="2" falsecount="0"/>
        <line num="62" count="6" type="stmt"/>
        <line num="65" count="3" type="stmt"/>
        <line num="66" count="3" type="stmt"/>
        <line num="68" count="3" type="stmt"/>
        <line num="69" count="60" type="cond" truecount="2" falsecount="0"/>
        <line num="70" count="56" type="stmt"/>
        <line num="71" count="56" type="stmt"/>
        <line num="72" count="56" type="stmt"/>
        <line num="73" count="56" type="stmt"/>
        <line num="77" count="3" type="stmt"/>
      </file>
      <file name="engine.js" path="/home/daniel/Documents/DCrawWebsite/src/game-engine/engine.js">
        <metrics statements="104" coveredstatements="100" conditionals="48" coveredconditionals="33" methods="18" coveredmethods="18"/>
        <line num="6" count="2" type="stmt"/>
        <line num="9" count="93" type="stmt"/>
        <line num="10" count="93" type="stmt"/>
        <line num="11" count="51" type="stmt"/>
        <line num="13" count="93" type="stmt"/>
        <line num="18" count="51" type="stmt"/>
        <line num="19" count="204" type="stmt"/>
        <line num="20" count="51" type="stmt"/>
        <line num="21" count="51" type="stmt"/>
        <line num="22" count="51" type="stmt"/>
        <line num="26" count="95" type="stmt"/>
        <line num="27" count="95" type="stmt"/>
        <line num="28" count="1611" type="stmt"/>
        <line num="29" count="1611" type="cond" truecount="2" falsecount="0"/>
        <line num="30" count="95" type="stmt"/>
        <line num="32" count="1516" type="stmt"/>
        <line num="34" count="95" type="stmt"/>
        <line num="38" count="95" type="cond" truecount="1" falsecount="1"/>
        <line num="39" count="95" type="stmt"/>
        <line num="56" count="89" type="stmt"/>
        <line num="60" count="53" type="stmt"/>
        <line num="64" count="42" type="stmt"/>
        <line num="65" count="42" type="stmt"/>
        <line num="66" count="42" type="stmt"/>
        <line num="67" count="42" type="stmt"/>
        <line num="68" count="42" type="stmt"/>
        <line num="69" count="42" type="stmt"/>
        <line num="70" count="42" type="stmt"/>
        <line num="74" count="23" type="cond" truecount="1" falsecount="1"/>
        <line num="75" count="23" type="stmt"/>
        <line num="76" count="23" type="stmt"/>
        <line num="77" count="23" type="cond" truecount="2" falsecount="0"/>
        <line num="78" count="5" type="stmt"/>
        <line num="82" count="22" type="cond" truecount="1" falsecount="1"/>
        <line num="83" count="22" type="stmt"/>
        <line num="84" count="22" type="stmt"/>
        <line num="85" count="22" type="cond" truecount="2" falsecount="0"/>
        <line num="86" count="4" type="stmt"/>
        <line num="90" count="2" type="cond" truecount="1" falsecount="1"/>
        <line num="91" count="2" type="stmt"/>
        <line num="92" count="2" type="stmt"/>
        <line num="93" count="2" type="cond" truecount="1" falsecount="1"/>
        <line num="94" count="2" type="stmt"/>
        <line num="98" count="1" type="cond" truecount="1" falsecount="1"/>
        <line num="99" count="1" type="stmt"/>
        <line num="100" count="1" type="stmt"/>
        <line num="101" count="1" type="cond" truecount="1" falsecount="1"/>
        <line num="102" count="1" type="stmt"/>
        <line num="106" count="5" type="stmt"/>
        <line num="107" count="5" type="stmt"/>
        <line num="108" count="5" type="cond" truecount="1" falsecount="1"/>
        <line num="110" count="5" type="stmt"/>
        <line num="111" count="5" type="stmt"/>
        <line num="112" count="5" type="stmt"/>
        <line num="113" count="5" type="stmt"/>
        <line num="115" count="5" type="stmt"/>
        <line num="119" count="3" type="cond" truecount="1" falsecount="1"/>
        <line num="120" count="3" type="stmt"/>
        <line num="121" count="3" type="stmt"/>
        <line num="122" count="3" type="cond" truecount="1" falsecount="1"/>
        <line num="124" count="0" type="stmt"/>
        <line num="126" count="3" type="stmt"/>
        <line num="127" count="3" type="stmt"/>
        <line num="131" count="4" type="cond" truecount="1" falsecount="1"/>
        <line num="132" count="4" type="stmt"/>
        <line num="133" count="4" type="stmt"/>
        <line num="134" count="4" type="stmt"/>
        <line num="135" count="4" type="stmt"/>
        <line num="137" count="4" type="stmt"/>
        <line num="138" count="4" type="stmt"/>
        <line num="142" count="5" type="cond" truecount="4" falsecount="0"/>
        <line num="143" count="4" type="stmt"/>
        <line num="144" count="4" type="stmt"/>
        <line num="146" count="4" type="cond" truecount="1" falsecount="1"/>
        <line num="148" count="4" type="stmt"/>
        <line num="149" count="4" type="stmt"/>
        <line num="150" count="4" type="stmt"/>
        <line num="151" count="4" type="stmt"/>
        <line num="155" count="0" type="stmt"/>
        <line num="156" count="0" type="cond" truecount="0" falsecount="2"/>
        <line num="157" count="0" type="stmt"/>
        <line num="161" count="27" type="cond" truecount="2" falsecount="0"/>
        <line num="162" count="26" type="stmt"/>
        <line num="163" count="26" type="stmt"/>
        <line num="164" count="26" type="cond" truecount="2" falsecount="0"/>
        <line num="165" count="1" type="stmt"/>
        <line num="167" count="25" type="stmt"/>
        <line num="171" count="5" type="stmt"/>
        <line num="172" count="5" type="cond" truecount="2" falsecount="0"/>
        <line num="174" count="4" type="stmt"/>
        <line num="175" count="4" type="stmt"/>
        <line num="176" count="4" type="stmt"/>
        <line num="179" count="4" type="stmt"/>
        <line num="181" count="4" type="stmt"/>
        <line num="182" count="80" type="stmt"/>
        <line num="183" count="800" type="stmt"/>
        <line num="184" count="800" type="cond" truecount="3" falsecount="1"/>
        <line num="185" count="800" type="stmt"/>
        <line num="186" count="800" type="cond" truecount="2" falsecount="0"/>
        <line num="187" count="4" type="stmt"/>
        <line num="193" count="4" type="stmt"/>
        <line num="195" count="4" type="stmt"/>
        <line num="196" count="4" type="stmt"/>
        <line num="198" count="4" type="stmt"/>
      </file>
      <file name="pieces.js" path="/home/daniel/Documents/DCrawWebsite/src/game-engine/pieces.js">
        <metrics statements="19" coveredstatements="18" conditionals="8" coveredconditionals="5" methods="4" coveredmethods="4"/>
        <line num="6" count="3" type="stmt"/>
        <line num="14" count="3" type="stmt"/>
        <line num="22" count="3" type="stmt"/>
        <line num="29" count="3" type="stmt"/>
        <line num="37" count="12" type="stmt"/>
        <line num="38" count="12" type="cond" truecount="1" falsecount="1"/>
        <line num="39" count="0" type="cond" truecount="0" falsecount="2"/>
        <line num="41" count="12" type="cond" truecount="2" falsecount="0"/>
        <line num="45" count="12" type="stmt"/>
        <line num="46" count="12" type="stmt"/>
        <line num="48" count="12" type="stmt"/>
        <line num="49" count="16" type="stmt"/>
        <line num="55" count="16" type="cond" truecount="2" falsecount="0"/>
        <line num="56" count="11" type="stmt"/>
        <line num="59" count="1" type="stmt"/>
        <line num="63" count="8" type="stmt"/>
        <line num="64" count="8" type="stmt"/>
        <line num="68" count="4" type="stmt"/>
        <line num="69" count="4" type="stmt"/>
      </file>
      <file name="scoring.js" path="/home/daniel/Documents/DCrawWebsite/src/game-engine/scoring.js">
        <metrics statements="16" coveredstatements="16" conditionals="2" coveredconditionals="2" methods="7" coveredmethods="7"/>
        <line num="2" count="3" type="stmt"/>
        <line num="5" count="3" type="stmt"/>
        <line num="14" count="3" type="stmt"/>
        <line num="15" count="3" type="stmt"/>
        <line num="18" count="12" type="cond" truecount="2" falsecount="0"/>
        <line num="19" count="11" type="stmt"/>
        <line num="20" count="11" type="stmt"/>
        <line num="24" count="9" type="stmt"/>
        <line num="28" count="4" type="stmt"/>
        <line num="32" count="48" type="stmt"/>
        <line num="36" count="5" type="stmt"/>
        <line num="37" count="5" type="stmt"/>
        <line num="38" count="5" type="stmt"/>
        <line num="39" count="5" type="stmt"/>
        <line num="47" count="4" type="stmt"/>
        <line num="51" count="5" type="stmt"/>
      </file>
      <file name="types.js" path="/home/daniel/Documents/DCrawWebsite/src/game-engine/types.js">
        <metrics statements="14" coveredstatements="14" conditionals="0" coveredconditionals="0" methods="1" coveredmethods="1"/>
        <line num="2" count="6" type="stmt"/>
        <line num="4" count="6" type="stmt"/>
        <line num="14" count="6" type="stmt"/>
        <line num="25" count="6" type="stmt"/>
        <line num="26" count="6" type="stmt"/>
        <line num="27" count="6" type="stmt"/>
        <line num="31" count="6" type="stmt"/>
        <line num="85" count="56" type="stmt"/>
        <line num="87" count="56" type="stmt"/>
        <line num="88" count="336" type="stmt"/>
        <line num="89" count="336" type="stmt"/>
        <line num="90" count="336" type="stmt"/>
        <line num="91" count="336" type="stmt"/>
        <line num="93" count="56" type="stmt"/>
      </file>
    </package>
    <package name="hooks">
      <metrics statements="18" coveredstatements="4" conditionals="5" coveredconditionals="0" methods="7" coveredmethods="1"/>
      <file name="useDynamicBoardSize.js" path="/home/daniel/Documents/DCrawWebsite/src/hooks/useDynamicBoardSize.js">
        <metrics statements="18" coveredstatements="4" conditionals="5" coveredconditionals="0" methods="7" coveredmethods="1"/>
        <line num="5" count="9" type="stmt"/>
        <line num="6" count="9" type="stmt"/>
        <line num="7" count="9" type="stmt"/>
        <line num="8" count="9" type="stmt"/>
        <line num="12" count="0" type="stmt"/>
        <line num="13" count="0" type="stmt"/>
        <line num="16" count="0" type="stmt"/>
        <line num="17" count="0" type="stmt"/>
        <line num="20" count="0" type="stmt"/>
        <line num="21" count="0" type="stmt"/>
        <line num="22" count="0" type="stmt"/>
        <line num="23" count="0" type="cond" truecount="0" falsecount="2"/>
        <line num="24" count="0" type="stmt"/>
        <line num="26" count="0" type="stmt"/>
        <line num="27" count="0" type="stmt"/>
        <line num="28" count="0" type="stmt"/>
        <line num="29" count="0" type="cond" truecount="0" falsecount="2"/>
        <line num="33" count="0" type="stmt"/>
      </file>
    </package>
    <package name="rendering">
      <metrics statements="64" coveredstatements="64" conditionals="26" coveredconditionals="21" methods="5" coveredmethods="5"/>
      <file name="canvas-renderer.js" path="/home/daniel/Documents/DCrawWebsite/src/rendering/canvas-renderer.js">
        <metrics statements="59" coveredstatements="59" conditionals="26" coveredconditionals="21" methods="5" coveredmethods="5"/>
        <line num="5" count="8" type="stmt"/>
        <line num="8" count="8" type="stmt"/>
        <line num="9" count="8" type="stmt"/>
        <line num="12" count="8" type="stmt"/>
        <line num="15" count="8" type="stmt"/>
        <line num="18" count="8" type="stmt"/>
        <line num="21" count="8" type="stmt"/>
        <line num="26" count="8" type="stmt"/>
        <line num="27" count="56" type="stmt"/>
        <line num="28" count="56" type="stmt"/>
        <line num="29" count="56" type="stmt"/>
        <line num="31" count="56" type="stmt"/>
        <line num="32" count="65800" type="cond" truecount="2" falsecount="0"/>
        <line num="33" count="4" type="cond" truecount="2" falsecount="0"/>
        <line num="34" count="1" type="stmt"/>
        <line num="35" count="1" type="stmt"/>
        <line num="36" count="1" type="stmt"/>
        <line num="37" count="1" type="stmt"/>
        <line num="39" count="4" type="stmt"/>
        <line num="40" count="4" type="stmt"/>
        <line num="41" count="4" type="stmt"/>
        <line num="45" count="8" type="stmt"/>
        <line num="49" count="8" type="cond" truecount="3" falsecount="1"/>
        <line num="50" count="8" type="stmt"/>
        <line num="51" count="8" type="stmt"/>
        <line num="53" count="8" type="stmt"/>
        <line num="54" count="8" type="stmt"/>
        <line num="55" count="8" type="stmt"/>
        <line num="57" count="8" type="stmt"/>
        <line num="58" count="32" type="stmt"/>
        <line num="59" count="32" type="stmt"/>
        <line num="60" count="32" type="cond" truecount="5" falsecount="1"/>
        <line num="61" count="32" type="stmt"/>
        <line num="64" count="8" type="stmt"/>
        <line num="68" count="8" type="cond" truecount="3" falsecount="1"/>
        <line num="69" count="8" type="cond" truecount="1" falsecount="1"/>
        <line num="71" count="8" type="stmt"/>
        <line num="72" count="8" type="stmt"/>
        <line num="74" count="8" type="stmt"/>
        <line num="75" count="8" type="stmt"/>
        <line num="76" count="8" type="stmt"/>
        <line num="78" count="8" type="stmt"/>
        <line num="79" count="32" type="stmt"/>
        <line num="80" count="32" type="stmt"/>
        <line num="81" count="32" type="cond" truecount="5" falsecount="1"/>
        <line num="82" count="32" type="stmt"/>
        <line num="85" count="8" type="stmt"/>
        <line num="89" count="8" type="stmt"/>
        <line num="90" count="8" type="stmt"/>
        <line num="91" count="8" type="stmt"/>
        <line num="94" count="8" type="stmt"/>
        <line num="95" count="278" type="stmt"/>
        <line num="96" count="278" type="stmt"/>
        <line num="97" count="278" type="stmt"/>
        <line num="101" count="8" type="stmt"/>
        <line num="102" count="188" type="stmt"/>
        <line num="103" count="188" type="stmt"/>
        <line num="104" count="188" type="stmt"/>
        <line num="107" count="8" type="stmt"/>
      </file>
      <file name="colors.js" path="/home/daniel/Documents/DCrawWebsite/src/rendering/colors.js">
        <metrics statements="5" coveredstatements="5" conditionals="0" coveredconditionals="0" methods="0" coveredmethods="0"/>
        <line num="4" count="1" type="stmt"/>
        <line num="15" count="1" type="stmt"/>
        <line num="26" count="1" type="stmt"/>
        <line num="27" count="1" type="stmt"/>
        <line num="28" count="1" type="stmt"/>
      </file>
    </package>
  </project>
</coverage>
