{"/home/daniel/Documents/DCrawWebsite/src/game-engine/board.js": {"path":"/home/daniel/Documents/DCrawWebsite/src/game-engine/board.js","statementMap":{"0":{"start":{"line":4,"column":2},"end":{"line":8,"column":null}},"1":{"start":{"line":12,"column":2},"end":{"line":12,"column":null}},"2":{"start":{"line":12,"column":15},"end":{"line":12,"column":null}},"3":{"start":{"line":13,"column":2},"end":{"line":13,"column":null}},"4":{"start":{"line":13,"column":60},"end":{"line":13,"column":null}},"5":{"start":{"line":14,"column":2},"end":{"line":14,"column":null}},"6":{"start":{"line":18,"column":16},"end":{"line":18,"column":43}},"7":{"start":{"line":19,"column":2},"end":{"line":19,"column":null}},"8":{"start":{"line":20,"column":2},"end":{"line":20,"column":null}},"9":{"start":{"line":24,"column":16},"end":{"line":24,"column":null}},"10":{"start":{"line":25,"column":2},"end":{"line":29,"column":null}},"11":{"start":{"line":26,"column":14},"end":{"line":26,"column":null}},"12":{"start":{"line":27,"column":14},"end":{"line":27,"column":null}},"13":{"start":{"line":28,"column":17},"end":{"line":28,"column":37}},"14":{"start":{"line":29,"column":4},"end":{"line":29,"column":null}},"15":{"start":{"line":29,"column":48},"end":{"line":29,"column":null}},"16":{"start":{"line":31,"column":2},"end":{"line":31,"column":null}},"17":{"start":{"line":35,"column":16},"end":{"line":35,"column":43}},"18":{"start":{"line":36,"column":16},"end":{"line":36,"column":null}},"19":{"start":{"line":37,"column":2},"end":{"line":41,"column":null}},"20":{"start":{"line":38,"column":14},"end":{"line":38,"column":null}},"21":{"start":{"line":39,"column":14},"end":{"line":39,"column":null}},"22":{"start":{"line":40,"column":4},"end":{"line":41,"column":null}},"23":{"start":{"line":41,"column":6},"end":{"line":41,"column":null}},"24":{"start":{"line":44,"column":2},"end":{"line":44,"column":null}},"25":{"start":{"line":48,"column":16},"end":{"line":48,"column":null}},"26":{"start":{"line":49,"column":2},"end":{"line":50,"column":null}},"27":{"start":{"line":49,"column":17},"end":{"line":49,"column":20}},"28":{"start":{"line":50,"column":4},"end":{"line":50,"column":null}},"29":{"start":{"line":50,"column":44},"end":{"line":50,"column":null}},"30":{"start":{"line":52,"column":2},"end":{"line":52,"column":null}},"31":{"start":{"line":56,"column":19},"end":{"line":56,"column":21}},"32":{"start":{"line":57,"column":2},"end":{"line":58,"column":null}},"33":{"start":{"line":57,"column":17},"end":{"line":57,"column":20}},"34":{"start":{"line":58,"column":4},"end":{"line":58,"column":null}},"35":{"start":{"line":58,"column":31},"end":{"line":58,"column":null}},"36":{"start":{"line":61,"column":2},"end":{"line":62,"column":null}},"37":{"start":{"line":62,"column":4},"end":{"line":62,"column":null}},"38":{"start":{"line":65,"column":16},"end":{"line":65,"column":58}},"39":{"start":{"line":66,"column":16},"end":{"line":66,"column":null}},"40":{"start":{"line":68,"column":2},"end":{"line":73,"column":null}},"41":{"start":{"line":68,"column":20},"end":{"line":68,"column":38}},"42":{"start":{"line":69,"column":4},"end":{"line":69,"column":null}},"43":{"start":{"line":69,"column":35},"end":{"line":69,"column":null}},"44":{"start":{"line":70,"column":21},"end":{"line":70,"column":null}},"45":{"start":{"line":71,"column":22},"end":{"line":71,"column":null}},"46":{"start":{"line":72,"column":4},"end":{"line":72,"column":null}},"47":{"start":{"line":73,"column":4},"end":{"line":73,"column":null}},"48":{"start":{"line":77,"column":2},"end":{"line":80,"column":null}}},"fnMap":{"0":{"name":"createBoard","decl":{"start":{"line":3,"column":16},"end":{"line":3,"column":28}},"loc":{"start":{"line":3,"column":43},"end":{"line":8,"column":null}},"line":3},"1":{"name":"getCell","decl":{"start":{"line":11,"column":16},"end":{"line":11,"column":24}},"loc":{"start":{"line":11,"column":41},"end":{"line":14,"column":null}},"line":11},"2":{"name":"setCell","decl":{"start":{"line":17,"column":16},"end":{"line":17,"column":24}},"loc":{"start":{"line":17,"column":48},"end":{"line":20,"column":null}},"line":17},"3":{"name":"checkCollision","decl":{"start":{"line":23,"column":16},"end":{"line":23,"column":31}},"loc":{"start":{"line":23,"column":45},"end":{"line":31,"column":null}},"line":23},"4":{"name":"placePiece","decl":{"start":{"line":34,"column":16},"end":{"line":34,"column":27}},"loc":{"start":{"line":34,"column":41},"end":{"line":44,"column":null}},"line":34},"5":{"name":"isRowFull","decl":{"start":{"line":47,"column":16},"end":{"line":47,"column":26}},"loc":{"start":{"line":47,"column":38},"end":{"line":52,"column":null}},"line":47},"6":{"name":"clearLines","decl":{"start":{"line":55,"column":16},"end":{"line":55,"column":27}},"loc":{"start":{"line":55,"column":34},"end":{"line":80,"column":null}},"line":55}},"branchMap":{"0":{"loc":{"start":{"line":12,"column":2},"end":{"line":12,"column":null}},"type":"if","locations":[{"start":{"line":12,"column":2},"end":{"line":12,"column":null}},{"start":{},"end":{}}],"line":12},"1":{"loc":{"start":{"line":13,"column":2},"end":{"line":13,"column":null}},"type":"if","locations":[{"start":{"line":13,"column":2},"end":{"line":13,"column":null}},{"start":{},"end":{}}],"line":13},"2":{"loc":{"start":{"line":13,"column":6},"end":{"line":13,"column":60}},"type":"binary-expr","locations":[{"start":{"line":13,"column":6},"end":{"line":13,"column":29}},{"start":{"line":13,"column":29},"end":{"line":13,"column":40}},{"start":{"line":13,"column":40},"end":{"line":13,"column":60}}],"line":13},"3":{"loc":{"start":{"line":29,"column":4},"end":{"line":29,"column":null}},"type":"if","locations":[{"start":{"line":29,"column":4},"end":{"line":29,"column":null}},{"start":{},"end":{}}],"line":29},"4":{"loc":{"start":{"line":29,"column":8},"end":{"line":29,"column":48}},"type":"binary-expr","locations":[{"start":{"line":29,"column":8},"end":{"line":29,"column":31}},{"start":{"line":29,"column":31},"end":{"line":29,"column":48}}],"line":29},"5":{"loc":{"start":{"line":40,"column":4},"end":{"line":41,"column":null}},"type":"if","locations":[{"start":{"line":40,"column":4},"end":{"line":41,"column":null}},{"start":{},"end":{}}],"line":40},"6":{"loc":{"start":{"line":40,"column":8},"end":{"line":40,"column":65}},"type":"binary-expr","locations":[{"start":{"line":40,"column":8},"end":{"line":40,"column":18}},{"start":{"line":40,"column":18},"end":{"line":40,"column":38}},{"start":{"line":40,"column":38},"end":{"line":40,"column":48}},{"start":{"line":40,"column":48},"end":{"line":40,"column":65}}],"line":40},"7":{"loc":{"start":{"line":50,"column":4},"end":{"line":50,"column":null}},"type":"if","locations":[{"start":{"line":50,"column":4},"end":{"line":50,"column":null}},{"start":{},"end":{}}],"line":50},"8":{"loc":{"start":{"line":58,"column":4},"end":{"line":58,"column":null}},"type":"if","locations":[{"start":{"line":58,"column":4},"end":{"line":58,"column":null}},{"start":{},"end":{}}],"line":58},"9":{"loc":{"start":{"line":61,"column":2},"end":{"line":62,"column":null}},"type":"if","locations":[{"start":{"line":61,"column":2},"end":{"line":62,"column":null}},{"start":{},"end":{}}],"line":61},"10":{"loc":{"start":{"line":69,"column":4},"end":{"line":69,"column":null}},"type":"if","locations":[{"start":{"line":69,"column":4},"end":{"line":69,"column":null}},{"start":{},"end":{}}],"line":69}},"s":{"0":69,"1":6731,"2":1,"3":6730,"4":118,"5":6612,"6":263,"7":263,"8":263,"9":1533,"10":1533,"11":5915,"12":5915,"13":5915,"14":5915,"15":132,"16":1401,"17":5,"18":5,"19":5,"20":20,"21":20,"22":20,"23":20,"24":5,"25":163,"26":163,"27":163,"28":218,"29":158,"30":5,"31":8,"32":8,"33":8,"34":160,"35":4,"36":8,"37":5,"38":3,"39":3,"40":3,"41":3,"42":60,"43":4,"44":56,"45":56,"46":56,"47":56,"48":3},"f":{"0":69,"1":6731,"2":263,"3":1533,"4":5,"5":163,"6":8},"b":{"0":[1,6730],"1":[118,6612],"2":[6730,6651,6631],"3":[132,5783],"4":[5915,5800],"5":[20,0],"6":[20,20,20,20],"7":[158,60],"8":[4,156],"9":[5,3],"10":[4,56]},"meta":{"lastBranch":11,"lastFunction":7,"lastStatement":49,"seen":{"f:3:16:3:28":0,"s:4:2:8:Infinity":0,"f:11:16:11:24":1,"b:12:2:12:Infinity:undefined:undefined:undefined:undefined":0,"s:12:2:12:Infinity":1,"s:12:15:12:Infinity":2,"b:13:2:13:Infinity:undefined:undefined:undefined:undefined":1,"s:13:2:13:Infinity":3,"b:13:6:13:29:13:29:13:40:13:40:13:60":2,"s:13:60:13:Infinity":4,"s:14:2:14:Infinity":5,"f:17:16:17:24":2,"s:18:16:18:43":6,"s:19:2:19:Infinity":7,"s:20:2:20:Infinity":8,"f:23:16:23:31":3,"s:24:16:24:Infinity":9,"s:25:2:29:Infinity":10,"s:26:14:26:Infinity":11,"s:27:14:27:Infinity":12,"s:28:17:28:37":13,"b:29:4:29:Infinity:undefined:undefined:undefined:undefined":3,"s:29:4:29:Infinity":14,"b:29:8:29:31:29:31:29:48":4,"s:29:48:29:Infinity":15,"s:31:2:31:Infinity":16,"f:34:16:34:27":4,"s:35:16:35:43":17,"s:36:16:36:Infinity":18,"s:37:2:41:Infinity":19,"s:38:14:38:Infinity":20,"s:39:14:39:Infinity":21,"b:40:4:41:Infinity:undefined:undefined:undefined:undefined":5,"s:40:4:41:Infinity":22,"b:40:8:40:18:40:18:40:38:40:38:40:48:40:48:40:65":6,"s:41:6:41:Infinity":23,"s:44:2:44:Infinity":24,"f:47:16:47:26":5,"s:48:16:48:Infinity":25,"s:49:2:50:Infinity":26,"s:49:17:49:20":27,"b:50:4:50:Infinity:undefined:undefined:undefined:undefined":7,"s:50:4:50:Infinity":28,"s:50:44:50:Infinity":29,"s:52:2:52:Infinity":30,"f:55:16:55:27":6,"s:56:19:56:21":31,"s:57:2:58:Infinity":32,"s:57:17:57:20":33,"b:58:4:58:Infinity:undefined:undefined:undefined:undefined":8,"s:58:4:58:Infinity":34,"s:58:31:58:Infinity":35,"b:61:2:62:Infinity:undefined:undefined:undefined:undefined":9,"s:61:2:62:Infinity":36,"s:62:4:62:Infinity":37,"s:65:16:65:58":38,"s:66:16:66:Infinity":39,"s:68:2:73:Infinity":40,"s:68:20:68:38":41,"b:69:4:69:Infinity:undefined:undefined:undefined:undefined":10,"s:69:4:69:Infinity":42,"s:69:35:69:Infinity":43,"s:70:21:70:Infinity":44,"s:71:22:71:Infinity":45,"s:72:4:72:Infinity":46,"s:73:4:73:Infinity":47,"s:77:2:80:Infinity":48}}}
,"/home/daniel/Documents/DCrawWebsite/src/game-engine/engine.js": {"path":"/home/daniel/Documents/DCrawWebsite/src/game-engine/engine.js","statementMap":{"0":{"start":{"line":6,"column":24},"end":{"line":6,"column":null}},"1":{"start":{"line":9,"column":17},"end":{"line":9,"column":27}},"2":{"start":{"line":10,"column":2},"end":{"line":11,"column":null}},"3":{"start":{"line":11,"column":4},"end":{"line":11,"column":null}},"4":{"start":{"line":13,"column":2},"end":{"line":13,"column":null}},"5":{"start":{"line":18,"column":16},"end":{"line":18,"column":null}},"6":{"start":{"line":19,"column":15},"end":{"line":19,"column":38}},"7":{"start":{"line":19,"column":36},"end":{"line":19,"column":38}},"8":{"start":{"line":20,"column":21},"end":{"line":20,"column":null}},"9":{"start":{"line":21,"column":14},"end":{"line":21,"column":50}},"10":{"start":{"line":22,"column":2},"end":{"line":22,"column":null}},"11":{"start":{"line":26,"column":17},"end":{"line":26,"column":null}},"12":{"start":{"line":27,"column":2},"end":{"line":32,"column":null}},"13":{"start":{"line":28,"column":22},"end":{"line":28,"column":null}},"14":{"start":{"line":29,"column":4},"end":{"line":30,"column":null}},"15":{"start":{"line":30,"column":6},"end":{"line":30,"column":null}},"16":{"start":{"line":32,"column":4},"end":{"line":32,"column":null}},"17":{"start":{"line":34,"column":2},"end":{"line":34,"column":null}},"18":{"start":{"line":38,"column":19},"end":{"line":38,"column":77}},"19":{"start":{"line":39,"column":2},"end":{"line":52,"column":null}},"20":{"start":{"line":56,"column":2},"end":{"line":56,"column":null}},"21":{"start":{"line":60,"column":2},"end":{"line":60,"column":null}},"22":{"start":{"line":64,"column":8},"end":{"line":64,"column":42}},"23":{"start":{"line":65,"column":16},"end":{"line":65,"column":29}},"24":{"start":{"line":66,"column":20},"end":{"line":66,"column":33}},"25":{"start":{"line":67,"column":18},"end":{"line":67,"column":46}},"26":{"start":{"line":68,"column":20},"end":{"line":68,"column":36}},"27":{"start":{"line":69,"column":8},"end":{"line":69,"column":33}},"28":{"start":{"line":70,"column":2},"end":{"line":70,"column":null}},"29":{"start":{"line":74,"column":2},"end":{"line":74,"column":null}},"30":{"start":{"line":74,"column":22},"end":{"line":74,"column":null}},"31":{"start":{"line":75,"column":16},"end":{"line":75,"column":37}},"32":{"start":{"line":76,"column":20},"end":{"line":76,"column":null}},"33":{"start":{"line":77,"column":2},"end":{"line":77,"column":null}},"34":{"start":{"line":77,"column":40},"end":{"line":77,"column":null}},"35":{"start":{"line":78,"column":2},"end":{"line":78,"column":null}},"36":{"start":{"line":82,"column":2},"end":{"line":82,"column":null}},"37":{"start":{"line":82,"column":22},"end":{"line":82,"column":null}},"38":{"start":{"line":83,"column":16},"end":{"line":83,"column":37}},"39":{"start":{"line":84,"column":20},"end":{"line":84,"column":null}},"40":{"start":{"line":85,"column":2},"end":{"line":85,"column":null}},"41":{"start":{"line":85,"column":40},"end":{"line":85,"column":null}},"42":{"start":{"line":86,"column":2},"end":{"line":86,"column":null}},"43":{"start":{"line":90,"column":2},"end":{"line":90,"column":null}},"44":{"start":{"line":90,"column":22},"end":{"line":90,"column":null}},"45":{"start":{"line":91,"column":16},"end":{"line":91,"column":37}},"46":{"start":{"line":92,"column":8},"end":{"line":92,"column":47}},"47":{"start":{"line":93,"column":2},"end":{"line":93,"column":null}},"48":{"start":{"line":93,"column":23},"end":{"line":93,"column":null}},"49":{"start":{"line":94,"column":2},"end":{"line":94,"column":null}},"50":{"start":{"line":98,"column":2},"end":{"line":98,"column":null}},"51":{"start":{"line":98,"column":22},"end":{"line":98,"column":null}},"52":{"start":{"line":99,"column":16},"end":{"line":99,"column":37}},"53":{"start":{"line":100,"column":8},"end":{"line":100,"column":48}},"54":{"start":{"line":101,"column":2},"end":{"line":101,"column":null}},"55":{"start":{"line":101,"column":23},"end":{"line":101,"column":null}},"56":{"start":{"line":102,"column":2},"end":{"line":102,"column":null}},"57":{"start":{"line":106,"column":8},"end":{"line":106,"column":49}},"58":{"start":{"line":107,"column":26},"end":{"line":107,"column":61}},"59":{"start":{"line":108,"column":21},"end":{"line":108,"column":null}},"60":{"start":{"line":110,"column":16},"end":{"line":110,"column":47}},"61":{"start":{"line":111,"column":19},"end":{"line":111,"column":32}},"62":{"start":{"line":112,"column":20},"end":{"line":112,"column":55}},"63":{"start":{"line":113,"column":8},"end":{"line":113,"column":53}},"64":{"start":{"line":115,"column":2},"end":{"line":115,"column":null}},"65":{"start":{"line":119,"column":2},"end":{"line":119,"column":null}},"66":{"start":{"line":119,"column":22},"end":{"line":119,"column":null}},"67":{"start":{"line":120,"column":16},"end":{"line":120,"column":37}},"68":{"start":{"line":121,"column":20},"end":{"line":121,"column":null}},"69":{"start":{"line":122,"column":2},"end":{"line":124,"column":null}},"70":{"start":{"line":124,"column":4},"end":{"line":124,"column":null}},"71":{"start":{"line":126,"column":8},"end":{"line":126,"column":57}},"72":{"start":{"line":127,"column":2},"end":{"line":127,"column":null}},"73":{"start":{"line":131,"column":2},"end":{"line":131,"column":null}},"74":{"start":{"line":131,"column":22},"end":{"line":131,"column":null}},"75":{"start":{"line":132,"column":16},"end":{"line":132,"column":37}},"76":{"start":{"line":133,"column":19},"end":{"line":133,"column":null}},"77":{"start":{"line":134,"column":17},"end":{"line":134,"column":null}},"78":{"start":{"line":135,"column":8},"end":{"line":135,"column":64}},"79":{"start":{"line":137,"column":24},"end":{"line":137,"column":null}},"80":{"start":{"line":138,"column":2},"end":{"line":138,"column":null}},"81":{"start":{"line":142,"column":2},"end":{"line":142,"column":null}},"82":{"start":{"line":142,"column":40},"end":{"line":142,"column":null}},"83":{"start":{"line":143,"column":16},"end":{"line":143,"column":37}},"84":{"start":{"line":144,"column":18},"end":{"line":144,"column":41}},"85":{"start":{"line":146,"column":2},"end":{"line":151,"column":null}},"86":{"start":{"line":148,"column":18},"end":{"line":148,"column":49}},"87":{"start":{"line":149,"column":21},"end":{"line":149,"column":34}},"88":{"start":{"line":150,"column":22},"end":{"line":150,"column":55}},"89":{"start":{"line":151,"column":4},"end":{"line":151,"column":null}},"90":{"start":{"line":155,"column":19},"end":{"line":155,"column":54}},"91":{"start":{"line":156,"column":2},"end":{"line":156,"column":null}},"92":{"start":{"line":156,"column":39},"end":{"line":156,"column":null}},"93":{"start":{"line":157,"column":2},"end":{"line":157,"column":null}},"94":{"start":{"line":161,"column":2},"end":{"line":161,"column":null}},"95":{"start":{"line":161,"column":22},"end":{"line":161,"column":null}},"96":{"start":{"line":162,"column":16},"end":{"line":162,"column":37}},"97":{"start":{"line":163,"column":20},"end":{"line":163,"column":null}},"98":{"start":{"line":164,"column":2},"end":{"line":165,"column":null}},"99":{"start":{"line":165,"column":4},"end":{"line":165,"column":null}},"100":{"start":{"line":167,"column":2},"end":{"line":167,"column":null}},"101":{"start":{"line":171,"column":23},"end":{"line":171,"column":85}},"102":{"start":{"line":172,"column":2},"end":{"line":172,"column":null}},"103":{"start":{"line":172,"column":36},"end":{"line":172,"column":null}},"104":{"start":{"line":174,"column":19},"end":{"line":174,"column":40}},"105":{"start":{"line":175,"column":8},"end":{"line":175,"column":58}},"106":{"start":{"line":176,"column":16},"end":{"line":176,"column":null}},"107":{"start":{"line":179,"column":17},"end":{"line":179,"column":61}},"108":{"start":{"line":181,"column":2},"end":{"line":187,"column":null}},"109":{"start":{"line":181,"column":17},"end":{"line":181,"column":20}},"110":{"start":{"line":182,"column":4},"end":{"line":187,"column":null}},"111":{"start":{"line":182,"column":19},"end":{"line":182,"column":22}},"112":{"start":{"line":183,"column":21},"end":{"line":183,"column":null}},"113":{"start":{"line":184,"column":6},"end":{"line":187,"column":null}},"114":{"start":{"line":185,"column":14},"end":{"line":185,"column":49}},"115":{"start":{"line":186,"column":8},"end":{"line":187,"column":null}},"116":{"start":{"line":187,"column":10},"end":{"line":187,"column":null}},"117":{"start":{"line":193,"column":16},"end":{"line":193,"column":null}},"118":{"start":{"line":195,"column":18},"end":{"line":195,"column":null}},"119":{"start":{"line":196,"column":18},"end":{"line":196,"column":41}},"120":{"start":{"line":198,"column":2},"end":{"line":198,"column":null}}},"fnMap":{"0":{"name":"fillQueue","decl":{"start":{"line":8,"column":9},"end":{"line":8,"column":19}},"loc":{"start":{"line":8,"column":26},"end":{"line":13,"column":null}},"line":8},"1":{"name":"spawnPiece","decl":{"start":{"line":16,"column":9},"end":{"line":16,"column":20}},"loc":{"start":{"line":16,"column":33},"end":{"line":22,"column":null}},"line":16},"2":{"name":"(anonymous_2)","decl":{"start":{"line":19,"column":21},"end":{"line":19,"column":26}},"loc":{"start":{"line":19,"column":36},"end":{"line":19,"column":38}},"line":19},"3":{"name":"calculateGhostRow","decl":{"start":{"line":25,"column":9},"end":{"line":25,"column":27}},"loc":{"start":{"line":25,"column":41},"end":{"line":34,"column":null}},"line":25},"4":{"name":"makeState","decl":{"start":{"line":37,"column":9},"end":{"line":37,"column":19}},"loc":{"start":{"line":37,"column":80},"end":{"line":52,"column":null}},"line":37},"5":{"name":"boardFromState","decl":{"start":{"line":55,"column":9},"end":{"line":55,"column":24}},"loc":{"start":{"line":55,"column":31},"end":{"line":56,"column":null}},"line":55},"6":{"name":"scoringFromState","decl":{"start":{"line":59,"column":9},"end":{"line":59,"column":26}},"loc":{"start":{"line":59,"column":33},"end":{"line":60,"column":null}},"line":59},"7":{"name":"createGame","decl":{"start":{"line":63,"column":16},"end":{"line":63,"column":27}},"loc":{"start":{"line":63,"column":42},"end":{"line":70,"column":null}},"line":63},"8":{"name":"moveLeft","decl":{"start":{"line":73,"column":16},"end":{"line":73,"column":25}},"loc":{"start":{"line":73,"column":32},"end":{"line":78,"column":null}},"line":73},"9":{"name":"moveRight","decl":{"start":{"line":81,"column":16},"end":{"line":81,"column":26}},"loc":{"start":{"line":81,"column":33},"end":{"line":86,"column":null}},"line":81},"10":{"name":"rotateClockwise","decl":{"start":{"line":89,"column":16},"end":{"line":89,"column":32}},"loc":{"start":{"line":89,"column":39},"end":{"line":94,"column":null}},"line":89},"11":{"name":"rotateCounterClockwise","decl":{"start":{"line":97,"column":16},"end":{"line":97,"column":39}},"loc":{"start":{"line":97,"column":46},"end":{"line":102,"column":null}},"line":97},"12":{"name":"lockAndSpawn","decl":{"start":{"line":105,"column":9},"end":{"line":105,"column":22}},"loc":{"start":{"line":105,"column":45},"end":{"line":115,"column":null}},"line":105},"13":{"name":"softDrop","decl":{"start":{"line":118,"column":16},"end":{"line":118,"column":25}},"loc":{"start":{"line":118,"column":32},"end":{"line":127,"column":null}},"line":118},"14":{"name":"hardDrop","decl":{"start":{"line":130,"column":16},"end":{"line":130,"column":25}},"loc":{"start":{"line":130,"column":32},"end":{"line":138,"column":null}},"line":130},"15":{"name":"holdPiece","decl":{"start":{"line":141,"column":16},"end":{"line":141,"column":26}},"loc":{"start":{"line":141,"column":33},"end":{"line":157,"column":null}},"line":141},"16":{"name":"tick","decl":{"start":{"line":160,"column":16},"end":{"line":160,"column":21}},"loc":{"start":{"line":160,"column":28},"end":{"line":167,"column":null}},"line":160},"17":{"name":"resizeBoard","decl":{"start":{"line":170,"column":16},"end":{"line":170,"column":28}},"loc":{"start":{"line":170,"column":45},"end":{"line":198,"column":null}},"line":170}},"branchMap":{"0":{"loc":{"start":{"line":29,"column":4},"end":{"line":30,"column":null}},"type":"if","locations":[{"start":{"line":29,"column":4},"end":{"line":30,"column":null}},{"start":{},"end":{}}],"line":29},"1":{"loc":{"start":{"line":38,"column":19},"end":{"line":38,"column":77}},"type":"cond-expr","locations":[{"start":{"line":38,"column":30},"end":{"line":38,"column":44}},{"start":{"line":38,"column":44},"end":{"line":38,"column":77}}],"line":38},"2":{"loc":{"start":{"line":74,"column":2},"end":{"line":74,"column":null}},"type":"if","locations":[{"start":{"line":74,"column":2},"end":{"line":74,"column":null}},{"start":{},"end":{}}],"line":74},"3":{"loc":{"start":{"line":77,"column":2},"end":{"line":77,"column":null}},"type":"if","locations":[{"start":{"line":77,"column":2},"end":{"line":77,"column":null}},{"start":{},"end":{}}],"line":77},"4":{"loc":{"start":{"line":82,"column":2},"end":{"line":82,"column":null}},"type":"if","locations":[{"start":{"line":82,"column":2},"end":{"line":82,"column":null}},{"start":{},"end":{}}],"line":82},"5":{"loc":{"start":{"line":85,"column":2},"end":{"line":85,"column":null}},"type":"if","locations":[{"start":{"line":85,"column":2},"end":{"line":85,"column":null}},{"start":{},"end":{}}],"line":85},"6":{"loc":{"start":{"line":90,"column":2},"end":{"line":90,"column":null}},"type":"if","locations":[{"start":{"line":90,"column":2},"end":{"line":90,"column":null}},{"start":{},"end":{}}],"line":90},"7":{"loc":{"start":{"line":93,"column":2},"end":{"line":93,"column":null}},"type":"if","locations":[{"start":{"line":93,"column":2},"end":{"line":93,"column":null}},{"start":{},"end":{}}],"line":93},"8":{"loc":{"start":{"line":98,"column":2},"end":{"line":98,"column":null}},"type":"if","locations":[{"start":{"line":98,"column":2},"end":{"line":98,"column":null}},{"start":{},"end":{}}],"line":98},"9":{"loc":{"start":{"line":101,"column":2},"end":{"line":101,"column":null}},"type":"if","locations":[{"start":{"line":101,"column":2},"end":{"line":101,"column":null}},{"start":{},"end":{}}],"line":101},"10":{"loc":{"start":{"line":108,"column":21},"end":{"line":108,"column":null}},"type":"cond-expr","locations":[{"start":{"line":108,"column":36},"end":{"line":108,"column":76}},{"start":{"line":108,"column":79},"end":{"line":108,"column":null}}],"line":108},"11":{"loc":{"start":{"line":119,"column":2},"end":{"line":119,"column":null}},"type":"if","locations":[{"start":{"line":119,"column":2},"end":{"line":119,"column":null}},{"start":{},"end":{}}],"line":119},"12":{"loc":{"start":{"line":122,"column":2},"end":{"line":124,"column":null}},"type":"if","locations":[{"start":{"line":122,"column":2},"end":{"line":124,"column":null}},{"start":{},"end":{}}],"line":122},"13":{"loc":{"start":{"line":131,"column":2},"end":{"line":131,"column":null}},"type":"if","locations":[{"start":{"line":131,"column":2},"end":{"line":131,"column":null}},{"start":{},"end":{}}],"line":131},"14":{"loc":{"start":{"line":142,"column":2},"end":{"line":142,"column":null}},"type":"if","locations":[{"start":{"line":142,"column":2},"end":{"line":142,"column":null}},{"start":{},"end":{}}],"line":142},"15":{"loc":{"start":{"line":142,"column":6},"end":{"line":142,"column":40}},"type":"binary-expr","locations":[{"start":{"line":142,"column":6},"end":{"line":142,"column":24}},{"start":{"line":142,"column":24},"end":{"line":142,"column":40}}],"line":142},"16":{"loc":{"start":{"line":146,"column":2},"end":{"line":151,"column":null}},"type":"if","locations":[{"start":{"line":146,"column":2},"end":{"line":151,"column":null}},{"start":{},"end":{}}],"line":146},"17":{"loc":{"start":{"line":156,"column":2},"end":{"line":156,"column":null}},"type":"if","locations":[{"start":{"line":156,"column":2},"end":{"line":156,"column":null}},{"start":{},"end":{}}],"line":156},"18":{"loc":{"start":{"line":161,"column":2},"end":{"line":161,"column":null}},"type":"if","locations":[{"start":{"line":161,"column":2},"end":{"line":161,"column":null}},{"start":{},"end":{}}],"line":161},"19":{"loc":{"start":{"line":164,"column":2},"end":{"line":165,"column":null}},"type":"if","locations":[{"start":{"line":164,"column":2},"end":{"line":165,"column":null}},{"start":{},"end":{}}],"line":164},"20":{"loc":{"start":{"line":172,"column":2},"end":{"line":172,"column":null}},"type":"if","locations":[{"start":{"line":172,"column":2},"end":{"line":172,"column":null}},{"start":{},"end":{}}],"line":172},"21":{"loc":{"start":{"line":184,"column":6},"end":{"line":187,"column":null}},"type":"if","locations":[{"start":{"line":184,"column":6},"end":{"line":187,"column":null}},{"start":{},"end":{}}],"line":184},"22":{"loc":{"start":{"line":184,"column":10},"end":{"line":184,"column":48}},"type":"binary-expr","locations":[{"start":{"line":184,"column":10},"end":{"line":184,"column":25}},{"start":{"line":184,"column":25},"end":{"line":184,"column":48}}],"line":184},"23":{"loc":{"start":{"line":186,"column":8},"end":{"line":187,"column":null}},"type":"if","locations":[{"start":{"line":186,"column":8},"end":{"line":187,"column":null}},{"start":{},"end":{}}],"line":186}},"s":{"0":1,"1":76,"2":76,"3":42,"4":76,"5":42,"6":42,"7":168,"8":42,"9":42,"10":42,"11":87,"12":87,"13":1433,"14":1433,"15":87,"16":1346,"17":87,"18":87,"19":87,"20":88,"21":53,"22":34,"23":34,"24":34,"25":34,"26":34,"27":34,"28":34,"29":23,"30":0,"31":23,"32":23,"33":23,"34":18,"35":5,"36":22,"37":0,"38":22,"39":22,"40":22,"41":17,"42":5,"43":2,"44":0,"45":2,"46":2,"47":2,"48":0,"49":2,"50":1,"51":0,"52":1,"53":1,"54":1,"55":0,"56":1,"57":4,"58":4,"59":4,"60":4,"61":4,"62":4,"63":4,"64":4,"65":3,"66":0,"67":3,"68":3,"69":3,"70":0,"71":3,"72":3,"73":3,"74":0,"75":3,"76":3,"77":3,"78":3,"79":3,"80":3,"81":5,"82":1,"83":4,"84":4,"85":4,"86":4,"87":4,"88":4,"89":4,"90":0,"91":0,"92":0,"93":0,"94":27,"95":1,"96":26,"97":26,"98":26,"99":1,"100":25,"101":5,"102":5,"103":1,"104":4,"105":4,"106":4,"107":4,"108":4,"109":4,"110":80,"111":80,"112":800,"113":800,"114":800,"115":800,"116":4,"117":4,"118":4,"119":4,"120":4},"f":{"0":76,"1":42,"2":168,"3":87,"4":87,"5":88,"6":53,"7":34,"8":23,"9":22,"10":2,"11":1,"12":4,"13":3,"14":3,"15":5,"16":27,"17":5},"b":{"0":[87,1346],"1":[0,87],"2":[0,23],"3":[18,5],"4":[0,22],"5":[17,5],"6":[0,2],"7":[0,2],"8":[0,1],"9":[0,1],"10":[0,4],"11":[0,3],"12":[0,3],"13":[0,3],"14":[1,4],"15":[5,5],"16":[4,0],"17":[0,0],"18":[1,26],"19":[1,25],"20":[1,4],"21":[800,0],"22":[800,800],"23":[4,796]},"meta":{"lastBranch":24,"lastFunction":18,"lastStatement":121,"seen":{"s:6:24:6:Infinity":0,"f:8:9:8:19":0,"s:9:17:9:27":1,"s:10:2:11:Infinity":2,"s:11:4:11:Infinity":3,"s:13:2:13:Infinity":4,"f:16:9:16:20":1,"s:18:16:18:Infinity":5,"s:19:15:19:38":6,"f:19:21:19:26":2,"s:19:36:19:38":7,"s:20:21:20:Infinity":8,"s:21:14:21:50":9,"s:22:2:22:Infinity":10,"f:25:9:25:27":3,"s:26:17:26:Infinity":11,"s:27:2:32:Infinity":12,"s:28:22:28:Infinity":13,"b:29:4:30:Infinity:undefined:undefined:undefined:undefined":0,"s:29:4:30:Infinity":14,"s:30:6:30:Infinity":15,"s:32:4:32:Infinity":16,"s:34:2:34:Infinity":17,"f:37:9:37:19":4,"s:38:19:38:77":18,"b:38:30:38:44:38:44:38:77":1,"s:39:2:52:Infinity":19,"f:55:9:55:24":5,"s:56:2:56:Infinity":20,"f:59:9:59:26":6,"s:60:2:60:Infinity":21,"f:63:16:63:27":7,"s:64:8:64:42":22,"s:65:16:65:29":23,"s:66:20:66:33":24,"s:67:18:67:46":25,"s:68:20:68:36":26,"s:69:8:69:33":27,"s:70:2:70:Infinity":28,"f:73:16:73:25":8,"b:74:2:74:Infinity:undefined:undefined:undefined:undefined":2,"s:74:2:74:Infinity":29,"s:74:22:74:Infinity":30,"s:75:16:75:37":31,"s:76:20:76:Infinity":32,"b:77:2:77:Infinity:undefined:undefined:undefined:undefined":3,"s:77:2:77:Infinity":33,"s:77:40:77:Infinity":34,"s:78:2:78:Infinity":35,"f:81:16:81:26":9,"b:82:2:82:Infinity:undefined:undefined:undefined:undefined":4,"s:82:2:82:Infinity":36,"s:82:22:82:Infinity":37,"s:83:16:83:37":38,"s:84:20:84:Infinity":39,"b:85:2:85:Infinity:undefined:undefined:undefined:undefined":5,"s:85:2:85:Infinity":40,"s:85:40:85:Infinity":41,"s:86:2:86:Infinity":42,"f:89:16:89:32":10,"b:90:2:90:Infinity:undefined:undefined:undefined:undefined":6,"s:90:2:90:Infinity":43,"s:90:22:90:Infinity":44,"s:91:16:91:37":45,"s:92:8:92:47":46,"b:93:2:93:Infinity:undefined:undefined:undefined:undefined":7,"s:93:2:93:Infinity":47,"s:93:23:93:Infinity":48,"s:94:2:94:Infinity":49,"f:97:16:97:39":11,"b:98:2:98:Infinity:undefined:undefined:undefined:undefined":8,"s:98:2:98:Infinity":50,"s:98:22:98:Infinity":51,"s:99:16:99:37":52,"s:100:8:100:48":53,"b:101:2:101:Infinity:undefined:undefined:undefined:undefined":9,"s:101:2:101:Infinity":54,"s:101:23:101:Infinity":55,"s:102:2:102:Infinity":56,"f:105:9:105:22":12,"s:106:8:106:49":57,"s:107:26:107:61":58,"s:108:21:108:Infinity":59,"b:108:36:108:76:108:79:108:Infinity":10,"s:110:16:110:47":60,"s:111:19:111:32":61,"s:112:20:112:55":62,"s:113:8:113:53":63,"s:115:2:115:Infinity":64,"f:118:16:118:25":13,"b:119:2:119:Infinity:undefined:undefined:undefined:undefined":11,"s:119:2:119:Infinity":65,"s:119:22:119:Infinity":66,"s:120:16:120:37":67,"s:121:20:121:Infinity":68,"b:122:2:124:Infinity:undefined:undefined:undefined:undefined":12,"s:122:2:124:Infinity":69,"s:124:4:124:Infinity":70,"s:126:8:126:57":71,"s:127:2:127:Infinity":72,"f:130:16:130:25":14,"b:131:2:131:Infinity:undefined:undefined:undefined:undefined":13,"s:131:2:131:Infinity":73,"s:131:22:131:Infinity":74,"s:132:16:132:37":75,"s:133:19:133:Infinity":76,"s:134:17:134:Infinity":77,"s:135:8:135:64":78,"s:137:24:137:Infinity":79,"s:138:2:138:Infinity":80,"f:141:16:141:26":15,"b:142:2:142:Infinity:undefined:undefined:undefined:undefined":14,"s:142:2:142:Infinity":81,"b:142:6:142:24:142:24:142:40":15,"s:142:40:142:Infinity":82,"s:143:16:143:37":83,"s:144:18:144:41":84,"b:146:2:151:Infinity:undefined:undefined:undefined:undefined":16,"s:146:2:151:Infinity":85,"s:148:18:148:49":86,"s:149:21:149:34":87,"s:150:22:150:55":88,"s:151:4:151:Infinity":89,"s:155:19:155:54":90,"b:156:2:156:Infinity:undefined:undefined:undefined:undefined":17,"s:156:2:156:Infinity":91,"s:156:39:156:Infinity":92,"s:157:2:157:Infinity":93,"f:160:16:160:21":16,"b:161:2:161:Infinity:undefined:undefined:undefined:undefined":18,"s:161:2:161:Infinity":94,"s:161:22:161:Infinity":95,"s:162:16:162:37":96,"s:163:20:163:Infinity":97,"b:164:2:165:Infinity:undefined:undefined:undefined:undefined":19,"s:164:2:165:Infinity":98,"s:165:4:165:Infinity":99,"s:167:2:167:Infinity":100,"f:170:16:170:28":17,"s:171:23:171:85":101,"b:172:2:172:Infinity:undefined:undefined:undefined:undefined":20,"s:172:2:172:Infinity":102,"s:172:36:172:Infinity":103,"s:174:19:174:40":104,"s:175:8:175:58":105,"s:176:16:176:Infinity":106,"s:179:17:179:61":107,"s:181:2:187:Infinity":108,"s:181:17:181:20":109,"s:182:4:187:Infinity":110,"s:182:19:182:22":111,"s:183:21:183:Infinity":112,"b:184:6:187:Infinity:undefined:undefined:undefined:undefined":21,"s:184:6:187:Infinity":113,"b:184:10:184:25:184:25:184:48":22,"s:185:14:185:49":114,"b:186:8:187:Infinity:undefined:undefined:undefined:undefined":23,"s:186:8:187:Infinity":115,"s:187:10:187:Infinity":116,"s:193:16:193:Infinity":117,"s:195:18:195:Infinity":118,"s:196:18:196:41":119,"s:198:2:198:Infinity":120}}}
,"/home/daniel/Documents/DCrawWebsite/src/game-engine/pieces.js": {"path":"/home/daniel/Documents/DCrawWebsite/src/game-engine/pieces.js","statementMap":{"0":{"start":{"line":6,"column":26},"end":{"line":11,"column":2}},"1":{"start":{"line":14,"column":28},"end":{"line":19,"column":2}},"2":{"start":{"line":22,"column":23},"end":{"line":27,"column":2}},"3":{"start":{"line":29,"column":25},"end":{"line":34,"column":2}},"4":{"start":{"line":37,"column":14},"end":{"line":37,"column":null}},"5":{"start":{"line":38,"column":2},"end":{"line":39,"column":null}},"6":{"start":{"line":39,"column":4},"end":{"line":39,"column":null}},"7":{"start":{"line":41,"column":2},"end":{"line":41,"column":null}},"8":{"start":{"line":45,"column":18},"end":{"line":45,"column":null}},"9":{"start":{"line":46,"column":16},"end":{"line":46,"column":73}},"10":{"start":{"line":48,"column":2},"end":{"line":56,"column":null}},"11":{"start":{"line":49,"column":22},"end":{"line":54,"column":null}},"12":{"start":{"line":55,"column":4},"end":{"line":56,"column":null}},"13":{"start":{"line":56,"column":6},"end":{"line":56,"column":null}},"14":{"start":{"line":59,"column":2},"end":{"line":59,"column":null}},"15":{"start":{"line":63,"column":8},"end":{"line":63,"column":null}},"16":{"start":{"line":64,"column":2},"end":{"line":64,"column":null}},"17":{"start":{"line":68,"column":8},"end":{"line":68,"column":null}},"18":{"start":{"line":69,"column":2},"end":{"line":69,"column":null}}},"fnMap":{"0":{"name":"getKickTable","decl":{"start":{"line":36,"column":9},"end":{"line":36,"column":22}},"loc":{"start":{"line":36,"column":60},"end":{"line":41,"column":null}},"line":36},"1":{"name":"tryRotate","decl":{"start":{"line":44,"column":9},"end":{"line":44,"column":19}},"loc":{"start":{"line":44,"column":57},"end":{"line":59,"column":null}},"line":44},"2":{"name":"rotateCW","decl":{"start":{"line":62,"column":16},"end":{"line":62,"column":25}},"loc":{"start":{"line":62,"column":39},"end":{"line":64,"column":null}},"line":62},"3":{"name":"rotateCCW","decl":{"start":{"line":67,"column":16},"end":{"line":67,"column":26}},"loc":{"start":{"line":67,"column":40},"end":{"line":69,"column":null}},"line":67}},"branchMap":{"0":{"loc":{"start":{"line":38,"column":2},"end":{"line":39,"column":null}},"type":"if","locations":[{"start":{"line":38,"column":2},"end":{"line":39,"column":null}},{"start":{},"end":{}}],"line":38},"1":{"loc":{"start":{"line":39,"column":11},"end":{"line":39,"column":null}},"type":"cond-expr","locations":[{"start":{"line":39,"column":23},"end":{"line":39,"column":43}},{"start":{"line":39,"column":43},"end":{"line":39,"column":null}}],"line":39},"2":{"loc":{"start":{"line":41,"column":9},"end":{"line":41,"column":null}},"type":"cond-expr","locations":[{"start":{"line":41,"column":21},"end":{"line":41,"column":39}},{"start":{"line":41,"column":39},"end":{"line":41,"column":null}}],"line":41},"3":{"loc":{"start":{"line":55,"column":4},"end":{"line":56,"column":null}},"type":"if","locations":[{"start":{"line":55,"column":4},"end":{"line":56,"column":null}},{"start":{},"end":{}}],"line":55}},"s":{"0":2,"1":2,"2":2,"3":2,"4":12,"5":12,"6":0,"7":12,"8":12,"9":12,"10":12,"11":16,"12":16,"13":11,"14":1,"15":8,"16":8,"17":4,"18":4},"f":{"0":12,"1":12,"2":8,"3":4},"b":{"0":[0,12],"1":[0,0],"2":[8,4],"3":[11,5]},"meta":{"lastBranch":4,"lastFunction":4,"lastStatement":19,"seen":{"s:6:26:11:2":0,"s:14:28:19:2":1,"s:22:23:27:2":2,"s:29:25:34:2":3,"f:36:9:36:22":0,"s:37:14:37:Infinity":4,"b:38:2:39:Infinity:undefined:undefined:undefined:undefined":0,"s:38:2:39:Infinity":5,"s:39:4:39:Infinity":6,"b:39:23:39:43:39:43:39:Infinity":1,"s:41:2:41:Infinity":7,"b:41:21:41:39:41:39:41:Infinity":2,"f:44:9:44:19":1,"s:45:18:45:Infinity":8,"s:46:16:46:73":9,"s:48:2:56:Infinity":10,"s:49:22:54:Infinity":11,"b:55:4:56:Infinity:undefined:undefined:undefined:undefined":3,"s:55:4:56:Infinity":12,"s:56:6:56:Infinity":13,"s:59:2:59:Infinity":14,"f:62:16:62:25":2,"s:63:8:63:Infinity":15,"s:64:2:64:Infinity":16,"f:67:16:67:26":3,"s:68:8:68:Infinity":17,"s:69:2:69:Infinity":18}}}
,"/home/daniel/Documents/DCrawWebsite/src/game-engine/scoring.js": {"path":"/home/daniel/Documents/DCrawWebsite/src/game-engine/scoring.js","statementMap":{"0":{"start":{"line":2,"column":20},"end":{"line":2,"column":null}},"1":{"start":{"line":5,"column":23},"end":{"line":12,"column":null}},"2":{"start":{"line":14,"column":18},"end":{"line":14,"column":null}},"3":{"start":{"line":15,"column":24},"end":{"line":15,"column":null}},"4":{"start":{"line":18,"column":2},"end":{"line":18,"column":null}},"5":{"start":{"line":18,"column":25},"end":{"line":18,"column":null}},"6":{"start":{"line":19,"column":15},"end":{"line":19,"column":null}},"7":{"start":{"line":20,"column":2},"end":{"line":20,"column":null}},"8":{"start":{"line":24,"column":2},"end":{"line":24,"column":null}},"9":{"start":{"line":28,"column":2},"end":{"line":28,"column":null}},"10":{"start":{"line":32,"column":2},"end":{"line":32,"column":null}},"11":{"start":{"line":36,"column":26},"end":{"line":36,"column":null}},"12":{"start":{"line":37,"column":19},"end":{"line":37,"column":50}},"13":{"start":{"line":38,"column":17},"end":{"line":38,"column":51}},"14":{"start":{"line":39,"column":2},"end":{"line":43,"column":null}},"15":{"start":{"line":47,"column":2},"end":{"line":47,"column":null}},"16":{"start":{"line":51,"column":2},"end":{"line":51,"column":null}}},"fnMap":{"0":{"name":"calculateScore","decl":{"start":{"line":17,"column":16},"end":{"line":17,"column":31}},"loc":{"start":{"line":17,"column":52},"end":{"line":20,"column":null}},"line":17},"1":{"name":"calculateLevel","decl":{"start":{"line":23,"column":16},"end":{"line":23,"column":31}},"loc":{"start":{"line":23,"column":50},"end":{"line":24,"column":null}},"line":23},"2":{"name":"getDropInterval","decl":{"start":{"line":27,"column":16},"end":{"line":27,"column":32}},"loc":{"start":{"line":27,"column":39},"end":{"line":28,"column":null}},"line":27},"3":{"name":"createScoring","decl":{"start":{"line":31,"column":16},"end":{"line":31,"column":32}},"loc":{"start":{"line":31,"column":32},"end":{"line":32,"column":null}},"line":31},"4":{"name":"addLineClears","decl":{"start":{"line":35,"column":16},"end":{"line":35,"column":30}},"loc":{"start":{"line":35,"column":44},"end":{"line":43,"column":null}},"line":35},"5":{"name":"addSoftDrop","decl":{"start":{"line":46,"column":16},"end":{"line":46,"column":28}},"loc":{"start":{"line":46,"column":42},"end":{"line":47,"column":null}},"line":46},"6":{"name":"addHardDrop","decl":{"start":{"line":50,"column":16},"end":{"line":50,"column":28}},"loc":{"start":{"line":50,"column":42},"end":{"line":51,"column":null}},"line":50}},"branchMap":{"0":{"loc":{"start":{"line":18,"column":2},"end":{"line":18,"column":null}},"type":"if","locations":[{"start":{"line":18,"column":2},"end":{"line":18,"column":null}},{"start":{},"end":{}}],"line":18}},"s":{"0":2,"1":2,"2":2,"3":2,"4":12,"5":1,"6":11,"7":11,"8":9,"9":4,"10":40,"11":5,"12":5,"13":5,"14":5,"15":4,"16":4},"f":{"0":12,"1":9,"2":4,"3":40,"4":5,"5":4,"6":4},"b":{"0":[1,11]},"meta":{"lastBranch":1,"lastFunction":7,"lastStatement":17,"seen":{"s:2:20:2:Infinity":0,"s:5:23:12:Infinity":1,"s:14:18:14:Infinity":2,"s:15:24:15:Infinity":3,"f:17:16:17:31":0,"b:18:2:18:Infinity:undefined:undefined:undefined:undefined":0,"s:18:2:18:Infinity":4,"s:18:25:18:Infinity":5,"s:19:15:19:Infinity":6,"s:20:2:20:Infinity":7,"f:23:16:23:31":1,"s:24:2:24:Infinity":8,"f:27:16:27:32":2,"s:28:2:28:Infinity":9,"f:31:16:31:32":3,"s:32:2:32:Infinity":10,"f:35:16:35:30":4,"s:36:26:36:Infinity":11,"s:37:19:37:50":12,"s:38:17:38:51":13,"s:39:2:43:Infinity":14,"f:46:16:46:28":5,"s:47:2:47:Infinity":15,"f:50:16:50:28":6,"s:51:2:51:Infinity":16}}}
,"/home/daniel/Documents/DCrawWebsite/src/game-engine/types.js": {"path":"/home/daniel/Documents/DCrawWebsite/src/game-engine/types.js","statementMap":{"0":{"start":{"line":2,"column":21},"end":{"line":2,"column":null}},"1":{"start":{"line":4,"column":27},"end":{"line":12,"column":2}},"2":{"start":{"line":14,"column":27},"end":{"line":22,"column":2}},"3":{"start":{"line":25,"column":28},"end":{"line":25,"column":null}},"4":{"start":{"line":26,"column":31},"end":{"line":26,"column":null}},"5":{"start":{"line":27,"column":31},"end":{"line":27,"column":null}},"6":{"start":{"line":31,"column":28},"end":{"line":81,"column":2}},"7":{"start":{"line":85,"column":14},"end":{"line":85,"column":null}},"8":{"start":{"line":87,"column":2},"end":{"line":91,"column":null}},"9":{"start":{"line":87,"column":15},"end":{"line":87,"column":31}},"10":{"start":{"line":88,"column":14},"end":{"line":88,"column":49}},"11":{"start":{"line":89,"column":16},"end":{"line":89,"column":null}},"12":{"start":{"line":90,"column":4},"end":{"line":90,"column":null}},"13":{"start":{"line":91,"column":4},"end":{"line":91,"column":null}},"14":{"start":{"line":93,"column":2},"end":{"line":93,"column":null}}},"fnMap":{"0":{"name":"createBag","decl":{"start":{"line":84,"column":16},"end":{"line":84,"column":28}},"loc":{"start":{"line":84,"column":28},"end":{"line":93,"column":null}},"line":84}},"branchMap":{},"s":{"0":4,"1":4,"2":4,"3":4,"4":4,"5":4,"6":4,"7":47,"8":47,"9":47,"10":282,"11":282,"12":282,"13":282,"14":47},"f":{"0":47},"b":{},"meta":{"lastBranch":0,"lastFunction":1,"lastStatement":15,"seen":{"s:2:21:2:Infinity":0,"s:4:27:12:2":1,"s:14:27:22:2":2,"s:25:28:25:Infinity":3,"s:26:31:26:Infinity":4,"s:27:31:27:Infinity":5,"s:31:28:81:2":6,"f:84:16:84:28":0,"s:85:14:85:Infinity":7,"s:87:2:91:Infinity":8,"s:87:15:87:31":9,"s:88:14:88:49":10,"s:89:16:89:Infinity":11,"s:90:4:90:Infinity":12,"s:91:4:91:Infinity":13,"s:93:2:93:Infinity":14}}}
}
